#
# A fatal error has been detected by the Java Runtime Environment:
#
#  SIGSEGV (0xb) at pc=0x000000010707c259, pid=65768, tid=0x0000000000001f03
#
# JRE version: OpenJDK Runtime Environment (8.0_212) (build 1.8.0_212-release-1586-b4-5784211)
# Java VM: OpenJDK 64-Bit Server VM (25.212-b4-5784211 mixed mode bsd-amd64 compressed oops)
# Problematic frame:
# V  [libjvm.dylib+0x47c259]
#
# Failed to write core dump. Core dumps have been disabled. To enable core dumping, try "ulimit -c unlimited" before starting Java again
#
# If you would like to submit a bug report, please visit:
#   http://bugreport.java.com/bugreport/crash.jsp
#

---------------  T H R E A D  ---------------

Current thread (0x00007fb308008800):  GCTaskThread [stack: 0x000070000d0f8000,0x000070000d1f8000] [id=7939]

siginfo: si_signo: 11 (SIGSEGV), si_code: 0 (unknown), si_addr: 0x0000000000000000

Registers:
RAX=0x00000001183eb000, RBX=0x0000000362c65360, RCX=0x007ffffffe016329, RDX=0x1fffffff8058ca6c
RSP=0x000070000d1f7c60, RBP=0x000070000d1f7c80, RSI=0x0000000762c64f44, RDI=0x00007fb306c0eee0
R8 =0x0000000000000058, R9 =0x000000010741bad3, R10=0x0000000119c9c948, R11=0x0000800000000000
R12=0x000000000000016c, R13=0x000000000000016c, R14=0x0000000762c65198, R15=0x00007fb306c0eee0
RIP=0x000000010707c259, EFLAGS=0x0000000000010203, ERR=0x0000000000000000
  TRAPNO=0x000000000000000d

Top of Stack: (sp=0x000070000d1f7c60)
0x000070000d1f7c60:   9000000000091200 0000000762c64f44
0x000070000d1f7c70:   0000000762c65198 00007fb306c0eee0
0x000070000d1f7c80:   000070000d1f7cf0 000000010704298e
0x000070000d1f7c90:   0000000000000000 0000000762c64b80
0x000070000d1f7ca0:   0000000762c64bd8 0000000106e9589b
0x000070000d1f7cb0:   0000000762db6800 000000076017d9f8
0x000070000d1f7cc0:   00000007c01891c8 00007fb306c0ef20
0x000070000d1f7cd0:   000070000d1f7e48 00007fb306c0eee0
0x000070000d1f7ce0:   000000010740adf8 00007fb306c0eee8
0x000070000d1f7cf0:   000070000d1f7da0 000000010708a524
0x000070000d1f7d00:   0000000762c64bd8 0000000000000000
0x000070000d1f7d10:   00000f000d1f7e10 00007fb306c0ef68
0x000070000d1f7d20:   00007fb306e0a228 00000007601fe198
0x000070000d1f7d30:   00007fb306c0eee0 0000000000000004
0x000070000d1f7d40:   00007fb306c0ef20 00007fb306c0efa0
0x000070000d1f7d50:   00000001073f1eb8 0000000000000078
0x000070000d1f7d60:   000070000d1f7e48 0000000107436610
0x000070000d1f7d70:   000070000d1f7da0 00007fb306d114f0
0x000070000d1f7d80:   000070000d1f7e48 00000001071c7c77
0x000070000d1f7d90:   00007fb306c0eee0 0000000000000001
0x000070000d1f7da0:   000070000d1f7e80 000000010707b6db
0x000070000d1f7db0:   0000000000000000 00007fb306c0b768
0x000070000d1f7dc0:   000070000d1f7e20 00007fff683bd540
0x000070000d1f7dd0:   00007fb306c09928 00007fb306c0b768
0x000070000d1f7de0:   0000000000000000 0000000008008800
0x000070000d1f7df0:   00007fb300000000 00007fb306c0b768
0x000070000d1f7e00:   00007fb306d114f0 00000001071a6678
0x000070000d1f7e10:   00007fb306c0b728 0000000000000001
0x000070000d1f7e20:   000070000d1f7e50 0000000107058607
0x000070000d1f7e30:   00000001073f1ee8 00007fb306c09800
0x000070000d1f7e40:   000070000d1f7e48 00000001073f1eb8
0x000070000d1f7e50:   000070000d1f7e00 00007fb306c0eee0 

Instructions: (pc=0x000000010707c259)
0x000000010707c239:   89 da 48 2b 10 48 c1 ea 03 48 8d 0d ff e5 37 00
0x000000010707c249:   8a 09 48 d3 ea 48 8b 40 30 48 89 d1 48 c1 e9 06
0x000000010707c259:   48 8b 04 c8 48 0f a3 d0 0f 82 08 01 00 00 49 89
0x000000010707c269:   fe 48 8d 05 60 f8 39 00 8a 10 84 d2 74 15 8b 7b 

Register to memory mapping:

RAX=0x00000001183eb000 is an unknown value
RBX=0x0000000362c65360 is an unknown value
RCX=0x007ffffffe016329 is an unknown value
RDX=0x1fffffff8058ca6c is an unknown value
RSP=0x000070000d1f7c60 is an unknown value
RBP=0x000070000d1f7c80 is an unknown value
RSI=0x0000000762c64f44 is pointing into object: 0x0000000762c64bd8
[Ljava.lang.Object; 
 - klass: 'java/lang/Object'[]
 - length: 364
RDI=0x00007fb306c0eee0 is an unknown value
R8 =0x0000000000000058 is an unknown value
R9 =0x000000010741bad3: AssumeMP+0 in /Applications/Android Studio.app/Contents/jre/jdk/Contents/Home/jre/lib/server/libjvm.dylib at 0x0000000106c00000
R10=0x0000000119c9c948 is an unknown value
R11=0x0000800000000000 is an unknown value
R12=0x000000000000016c is an unknown value
R13=0x000000000000016c is an unknown value
R14=0x0000000762c65198 is an oop
org.gradle.internal.fingerprint.impl.DefaultFileSystemLocationFingerprint 
 - klass: 'org/gradle/internal/fingerprint/impl/DefaultFileSystemLocationFingerprint'
R15=0x00007fb306c0eee0 is an unknown value


Stack: [0x000070000d0f8000,0x000070000d1f8000],  sp=0x000070000d1f7c60,  free space=1023k
Native frames: (J=compiled Java code, j=interpreted, Vv=VM code, C=native code)
V  [libjvm.dylib+0x47c259]
V  [libjvm.dylib+0x44298e]
V  [libjvm.dylib+0x48a524]
V  [libjvm.dylib+0x47b6db]
V  [libjvm.dylib+0x2580d1]
V  [libjvm.dylib+0x4562e3]
C  [libsystem_pthread.dylib+0x6109]  _pthread_start+0x94
C  [libsystem_pthread.dylib+0x1b8b]  thread_start+0xf


---------------  P R O C E S S  ---------------

Java Threads: ( => current thread )
  0x00007fb311443800 JavaThread "ForkJoinPool.commonPool-worker-0" daemon [_thread_blocked, id=29711, stack(0x0000700010597000,0x0000700010697000)]
  0x00007fb30d948000 JavaThread "WorkerExecutor Queue Thread 4" [_thread_blocked, id=39439, stack(0x0000700010494000,0x0000700010594000)]
  0x00007fb30a583000 JavaThread "WorkerExecutor Queue Thread 3" [_thread_blocked, id=39951, stack(0x0000700010391000,0x0000700010491000)]
  0x00007fb3076ef800 JavaThread "WorkerExecutor Queue Thread 2" [_thread_blocked, id=39695, stack(0x000070001028e000,0x000070001038e000)]
  0x00007fb30c3fd800 JavaThread "RMI TCP Connection(9)-127.0.0.1" daemon [_thread_in_native, id=30219, stack(0x000070001018b000,0x000070001028b000)]
  0x00007fb307910800 JavaThread "RMI RenewClean-[127.0.0.1:17729,org.jetbrains.kotlin.daemon.common.LoopbackNetworkInterface$ClientLoopbackSocketFactory@4eadf27b]" daemon [_thread_blocked, id=38679, stack(0x0000700010088000,0x0000700010188000)]
  0x00007fb30bdd9800 JavaThread "process reaper" daemon [_thread_blocked, id=43023, stack(0x000070000d78d000,0x000070000d7b5000)]
  0x00007fb30bedd800 JavaThread "WorkerExecutor Queue" [_thread_blocked, id=27915, stack(0x000070000fb79000,0x000070000fc79000)]
  0x00007fb311640800 JavaThread "Cache worker for execution history cache (/Users/alcodev/Documents/AndroidStudio/JSONParser/.gradle/5.6.4/executionHistory)" [_thread_blocked, id=34315, stack(0x000070000fa76000,0x000070000fb76000)]
  0x00007fb30a07e800 JavaThread "Cache worker for file content cache (/Users/alcodev/Documents/AndroidStudio/JSONParser/.gradle/5.6.4/fileContent)" [_thread_blocked, id=39183, stack(0x000070000f66a000,0x000070000f76a000)]
  0x00007fb30a7f2800 JavaThread "Cache worker for Build Output Cleanup Cache (/Users/alcodev/Documents/AndroidStudio/JSONParser/.gradle/buildOutputCleanup)" [_thread_blocked, id=43279, stack(0x000070000f361000,0x000070000f461000)]
  0x00007fb307fbb000 JavaThread "Build operations Thread 4" [_thread_blocked, id=37903, stack(0x000070000f25e000,0x000070000f35e000)]
  0x00007fb30d2ab000 JavaThread "Build operations Thread 3" [_thread_blocked, id=28171, stack(0x000070000f15b000,0x000070000f25b000)]
  0x00007fb30d301800 JavaThread "Build operations Thread 2" [_thread_blocked, id=37131, stack(0x000070000f058000,0x000070000f158000)]
  0x00007fb30d568800 JavaThread "Build operations" [_thread_blocked, id=32783, stack(0x000070000ef55000,0x000070000f055000)]
  0x00007fb3083be000 JavaThread "Cache worker for cache directory md-rule (/Users/alcodev/.gradle/caches/5.6.4/md-rule)" [_thread_blocked, id=16399, stack(0x000070000ed4f000,0x000070000ee4f000)]
  0x00007fb307fb4800 JavaThread "Cache worker for cache directory md-supplier (/Users/alcodev/.gradle/caches/5.6.4/md-supplier)" [_thread_blocked, id=28947, stack(0x000070000ec4c000,0x000070000ed4c000)]
  0x00007fb308681800 JavaThread "Cache worker for file hash cache (/Users/alcodev/Documents/AndroidStudio/JSONParser/.gradle/5.6.4/fileHashes)" [_thread_blocked, id=43543, stack(0x000070000eb49000,0x000070000ec49000)]
  0x00007fb3085ad800 JavaThread "Thread-92" [_thread_blocked, id=35607, stack(0x000070000e73d000,0x000070000e83d000)]
  0x00007fb307ce2800 JavaThread "Stdin handler" [_thread_blocked, id=26123, stack(0x000070000e63a000,0x000070000e73a000)]
  0x00007fb307ddc800 JavaThread "Asynchronous log dispatcher for DefaultDaemonConnection: socket connection from /127.0.0.1:52603 to /127.0.0.1:52845" [_thread_blocked, id=12307, stack(0x000070000e537000,0x000070000e637000)]
  0x00007fb307deb000 JavaThread "Daemon worker Thread 4" [_thread_blocked, id=35855, stack(0x000070000e434000,0x000070000e534000)]
  0x00007fb30a3d2000 JavaThread "Cancel handler" [_thread_blocked, id=42511, stack(0x000070000e331000,0x000070000e431000)]
  0x00007fb307edc000 JavaThread "Handler for socket connection from /127.0.0.1:52603 to /127.0.0.1:52845" [_thread_in_native, id=35339, stack(0x000070000e22e000,0x000070000e32e000)]
  0x00007fb30a5c8000 JavaThread "Daemon Thread 4" [_thread_blocked, id=15887, stack(0x000070000e12b000,0x000070000e22b000)]
  0x00007fb30bbdf800 JavaThread "Cache worker for Java compile cache (/Users/alcodev/.gradle/caches/5.6.4/javaCompile)" [_thread_blocked, id=30987, stack(0x000070000fc7c000,0x000070000fd7c000)]
  0x00007fb30a41b000 JavaThread "RMI Reaper" [_thread_blocked, id=44547, stack(0x0000700010f08000,0x0000700011008000)]
  0x00007fb30b9ad000 JavaThread "RMI TCP Accept-0" daemon [_thread_in_native, id=44035, stack(0x0000700010e05000,0x0000700010f05000)]
  0x00007fb3079b7800 JavaThread "GC Daemon" daemon [_thread_blocked, id=43779, stack(0x0000700010d02000,0x0000700010e02000)]
  0x00007fb30978e800 JavaThread "RMI Scheduler(0)" daemon [_thread_blocked, id=86535, stack(0x0000700010afc000,0x0000700010bfc000)]
  0x00007fb30bb2e000 JavaThread "process reaper" daemon [_thread_in_native, id=87043, stack(0x0000700010ad1000,0x0000700010af9000)]
  0x00007fb30d695000 JavaThread "MarlinRenderer Disposer" daemon [_thread_blocked, id=33031, stack(0x000070001079d000,0x000070001089d000)]
  0x00007fb307432800 JavaThread "Java2D Disposer" daemon [_thread_blocked, id=31239, stack(0x000070001069a000,0x000070001079a000)]
  0x00007fb309799000 JavaThread "AWT-AppKit" daemon [_thread_in_native, id=775, stack(0x00007ffee9088000,0x00007ffee9888000)]
  0x00007fb30d308000 JavaThread "Cache worker for file content cache (/Users/alcodev/.gradle/caches/5.6.4/fileContent)" [_thread_blocked, id=38407, stack(0x000070000f567000,0x000070000f667000)]
  0x00007fb30a364000 JavaThread "Memory manager" [_thread_blocked, id=25347, stack(0x000070000f464000,0x000070000f564000)]
  0x00007fb30a19e000 JavaThread "Cache worker for execution history cache (/Users/alcodev/.gradle/caches/5.6.4/executionHistory)" [_thread_blocked, id=24323, stack(0x000070000ee52000,0x000070000ef52000)]
  0x00007fb30912c800 JavaThread "Cache worker for journal cache (/Users/alcodev/.gradle/caches/journal-1)" [_thread_blocked, id=23811, stack(0x000070000ea46000,0x000070000eb46000)]
  0x00007fb30912b800 JavaThread "File lock request listener" [_thread_in_native, id=41987, stack(0x000070000e943000,0x000070000ea43000)]
  0x00007fb307932000 JavaThread "Cache worker for file hash cache (/Users/alcodev/.gradle/caches/5.6.4/fileHashes)" [_thread_blocked, id=23043, stack(0x000070000e840000,0x000070000e940000)]
  0x00007fb30726d800 JavaThread "Daemon periodic checks" [_thread_blocked, id=17155, stack(0x000070000e028000,0x000070000e128000)]
  0x00007fb3070df000 JavaThread "Incoming local TCP Connector on port 52603" [_thread_in_native, id=15619, stack(0x000070000df25000,0x000070000e025000)]
  0x00007fb308362000 JavaThread "Daemon health stats" [_thread_blocked, id=15107, stack(0x000070000de22000,0x000070000df22000)]
  0x00007fb30883c000 JavaThread "Service Thread" daemon [_thread_blocked, id=14339, stack(0x000070000dc1c000,0x000070000dd1c000)]
  0x00007fb30883b800 JavaThread "C1 CompilerThread2" daemon [_thread_blocked, id=14083, stack(0x000070000db19000,0x000070000dc19000)]
  0x00007fb307820800 JavaThread "C2 CompilerThread1" daemon [_thread_in_native, id=18179, stack(0x000070000da16000,0x000070000db16000)]
  0x00007fb30781e800 JavaThread "C2 CompilerThread0" daemon [_thread_in_native, id=13571, stack(0x000070000d913000,0x000070000da13000)]
  0x00007fb30885a000 JavaThread "Signal Dispatcher" daemon [_thread_blocked, id=18691, stack(0x000070000d810000,0x000070000d910000)]
  0x00007fb308829800 JavaThread "Finalizer" daemon [_thread_blocked, id=20739, stack(0x000070000d607000,0x000070000d707000)]
  0x00007fb308828800 JavaThread "Reference Handler" daemon [_thread_blocked, id=21251, stack(0x000070000d504000,0x000070000d604000)]
  0x00007fb307008800 JavaThread "main" [_thread_blocked, id=3587, stack(0x000070000cef2000,0x000070000cff2000)]

Other Threads:
  0x00007fb30800e800 VMThread [stack: 0x000070000d401000,0x000070000d501000] [id=21507]
  0x00007fb308018000 WatcherThread [stack: 0x000070000dd1f000,0x000070000de1f000] [id=17667]

=>0x00007fb308008800 (exited) GCTaskThread [stack: 0x000070000d0f8000,0x000070000d1f8000] [id=7939]

VM state:at safepoint (normal execution)

VM Mutex/Monitor currently owned by a thread:  ([mutex/lock_event])
[0x00007fb306d0c090] Threads_lock - owner thread: 0x00007fb30800e800
[0x00007fb306d0c590] Heap_lock - owner thread: 0x00007fb307deb000

heap address: 0x0000000760000000, size: 1536 MB, Compressed Oops mode: Zero based, Oop shift amount: 3
Narrow klass base: 0x0000000000000000, Narrow klass shift: 3
Compressed class space size: 1073741824 Address: 0x00000007c0000000

Heap:
 PSYoungGen      total 473088K, used 21171K [0x00000007a0000000, 0x00000007c0000000, 0x00000007c0000000)
  eden space 431104K, 0% used [0x00000007a0000000,0x00000007a0000000,0x00000007ba500000)
  from space 41984K, 50% used [0x00000007bd700000,0x00000007bebaced8,0x00000007c0000000)
  to   space 46592K, 0% used [0x00000007ba500000,0x00000007ba500000,0x00000007bd280000)
 ParOldGen       total 133632K, used 126365K [0x0000000760000000, 0x0000000768280000, 0x00000007a0000000)
  object space 133632K, 94% used [0x0000000760000000,0x0000000767b67748,0x0000000768280000)
 Metaspace       used 112289K, capacity 117652K, committed 117888K, reserved 1150976K
  class space    used 14399K, capacity 15384K, committed 15488K, reserved 1048576K

Card table byte_map: [0x0000000107ed0000,0x00000001081d1000] byte_map_base: 0x00000001043d0000

Marking Bits: (ParMarkBitMap*) 0x0000000107420ec8
 Begin Bits: [0x00000001183eb000, 0x0000000119beb000)
 End Bits:   [0x0000000119beb000, 0x000000011b3eb000)

Polling page: 0x00000001063bd000

CodeCache: size=245760Kb used=64117Kb max_used=64281Kb free=181642Kb
 bounds [0x00000001093eb000, 0x000000010d33b000, 0x00000001183eb000]
 total_blobs=20499 nmethods=19422 adapters=987
 compilation: enabled

Compilation events (10 events):
Event: 2407.429 Thread 0x00007fb30883b800 24639       2       org.jetbrains.kotlin.statistics.fileloggers.MetricsContainer$MetricDescriptor::compareTo (77 bytes)
Event: 2407.429 Thread 0x00007fb30883b800 nmethod 24639 0x000000010a94bd10 code [0x000000010a94bea0, 0x000000010a94c178]
Event: 2407.441 Thread 0x00007fb30883b800 24640 %     3       java.io.ObjectOutputStream$HandleTable::growSpine @ 41 (67 bytes)
Event: 2407.442 Thread 0x00007fb30883b800 nmethod 24640% 0x0000000109f5d610 code [0x0000000109f5d7c0, 0x0000000109f5dbb8]
Event: 2407.445 Thread 0x00007fb30883b800 24641       2       org.gradle.tooling.internal.provider.serialization.PayloadSerializerObjectOutputStream::writeClass (14 bytes)
Event: 2407.446 Thread 0x00007fb30883b800 nmethod 24641 0x000000010abfab10 code [0x000000010abfaca0, 0x000000010abfaef8]
Event: 2407.446 Thread 0x00007fb30883b800 24642       2       org.gradle.tooling.internal.provider.serialization.PayloadSerializerObjectOutputStream::writeClassLoader (38 bytes)
Event: 2407.447 Thread 0x00007fb30883b800 nmethod 24642 0x000000010c311590 code [0x000000010c311740, 0x000000010c3119a8]
Event: 2407.447 Thread 0x00007fb30883b800 24643       2       org.gradle.tooling.internal.provider.serialization.WellKnownClassLoaderRegistry$1::visitClass (51 bytes)
Event: 2407.450 Thread 0x00007fb30883b800 nmethod 24643 0x000000010abf5b90 code [0x000000010abf5d60, 0x000000010abf61a8]

GC Heap History (10 events):
Event: 2298.565 GC heap after
Heap after GC invocations=38 (full 4):
 PSYoungGen      total 484352K, used 16278K [0x00000007a0000000, 0x00000007c0000000, 0x00000007c0000000)
  eden space 442880K, 0% used [0x00000007a0000000,0x00000007a0000000,0x00000007bb080000)
  from space 41472K, 39% used [0x00000007bd780000,0x00000007be765b00,0x00000007c0000000)
  to   space 39936K, 0% used [0x00000007bb080000,0x00000007bb080000,0x00000007bd780000)
 ParOldGen       total 133632K, used 85924K [0x0000000760000000, 0x0000000768280000, 0x00000007a0000000)
  object space 133632K, 64% used [0x0000000760000000,0x00000007653e9240,0x0000000768280000)
 Metaspace       used 109293K, capacity 114056K, committed 114304K, reserved 1148928K
  class space    used 14019K, capacity 14898K, committed 14976K, reserved 1048576K
}
Event: 2303.289 GC heap before
{Heap before GC invocations=39 (full 4):
 PSYoungGen      total 484352K, used 459158K [0x00000007a0000000, 0x00000007c0000000, 0x00000007c0000000)
  eden space 442880K, 100% used [0x00000007a0000000,0x00000007bb080000,0x00000007bb080000)
  from space 41472K, 39% used [0x00000007bd780000,0x00000007be765b00,0x00000007c0000000)
  to   space 39936K, 0% used [0x00000007bb080000,0x00000007bb080000,0x00000007bd780000)
 ParOldGen       total 133632K, used 85924K [0x0000000760000000, 0x0000000768280000, 0x00000007a0000000)
  object space 133632K, 64% used [0x0000000760000000,0x00000007653e9240,0x0000000768280000)
 Metaspace       used 109300K, capacity 114056K, committed 114304K, reserved 1148928K
  class space    used 14019K, capacity 14898K, committed 14976K, reserved 1048576K
Event: 2303.472 GC heap after
Heap after GC invocations=39 (full 4):
 PSYoungGen      total 451584K, used 8283K [0x00000007a0000000, 0x00000007bfd80000, 0x00000007c0000000)
  eden space 442880K, 0% used [0x00000007a0000000,0x00000007a0000000,0x00000007bb080000)
  from space 8704K, 95% used [0x00000007bb080000,0x00000007bb896ed0,0x00000007bb900000)
  to   space 39424K, 0% used [0x00000007bd700000,0x00000007bd700000,0x00000007bfd80000)
 ParOldGen       total 133632K, used 94841K [0x0000000760000000, 0x0000000768280000, 0x00000007a0000000)
  object space 133632K, 70% used [0x0000000760000000,0x0000000765c9e700,0x0000000768280000)
 Metaspace       used 109300K, capacity 114056K, committed 114304K, reserved 1148928K
  class space    used 14019K, capacity 14898K, committed 14976K, reserved 1048576K
}
Event: 2307.327 GC heap before
{Heap before GC invocations=40 (full 4):
 PSYoungGen      total 451584K, used 451163K [0x00000007a0000000, 0x00000007bfd80000, 0x00000007c0000000)
  eden space 442880K, 100% used [0x00000007a0000000,0x00000007bb080000,0x00000007bb080000)
  from space 8704K, 95% used [0x00000007bb080000,0x00000007bb896ed0,0x00000007bb900000)
  to   space 39424K, 0% used [0x00000007bd700000,0x00000007bd700000,0x00000007bfd80000)
 ParOldGen       total 133632K, used 94841K [0x0000000760000000, 0x0000000768280000, 0x00000007a0000000)
  object space 133632K, 70% used [0x0000000760000000,0x0000000765c9e700,0x0000000768280000)
 Metaspace       used 109322K, capacity 114056K, committed 114304K, reserved 1148928K
  class space    used 14019K, capacity 14898K, committed 14976K, reserved 1048576K
Event: 2307.352 GC heap after
Heap after GC invocations=40 (full 4):
 PSYoungGen      total 482304K, used 5781K [0x00000007a0000000, 0x00000007c0000000, 0x00000007c0000000)
  eden space 442880K, 0% used [0x00000007a0000000,0x00000007a0000000,0x00000007bb080000)
  from space 39424K, 14% used [0x00000007bd700000,0x00000007bdca5698,0x00000007bfd80000)
  to   space 39424K, 0% used [0x00000007bb080000,0x00000007bb080000,0x00000007bd700000)
 ParOldGen       total 133632K, used 101525K [0x0000000760000000, 0x0000000768280000, 0x00000007a0000000)
  object space 133632K, 75% used [0x0000000760000000,0x00000007663255e0,0x0000000768280000)
 Metaspace       used 109322K, capacity 114056K, committed 114304K, reserved 1148928K
  class space    used 14019K, capacity 14898K, committed 14976K, reserved 1048576K
}
Event: 2313.117 GC heap before
{Heap before GC invocations=41 (full 4):
 PSYoungGen      total 482304K, used 448661K [0x00000007a0000000, 0x00000007c0000000, 0x00000007c0000000)
  eden space 442880K, 100% used [0x00000007a0000000,0x00000007bb080000,0x00000007bb080000)
  from space 39424K, 14% used [0x00000007bd700000,0x00000007bdca5698,0x00000007bfd80000)
  to   space 39424K, 0% used [0x00000007bb080000,0x00000007bb080000,0x00000007bd700000)
 ParOldGen       total 133632K, used 101525K [0x0000000760000000, 0x0000000768280000, 0x00000007a0000000)
  object space 133632K, 75% used [0x0000000760000000,0x00000007663255e0,0x0000000768280000)
 Metaspace       used 109952K, capacity 114724K, committed 114816K, reserved 1148928K
  class space    used 14074K, capacity 14952K, committed 14976K, reserved 1048576K
Event: 2313.247 GC heap after
Heap after GC invocations=41 (full 4):
 PSYoungGen      total 482304K, used 39399K [0x00000007a0000000, 0x00000007c0000000, 0x00000007c0000000)
  eden space 442880K, 0% used [0x00000007a0000000,0x00000007a0000000,0x00000007bb080000)
  from space 39424K, 99% used [0x00000007bb080000,0x00000007bd6f9ca8,0x00000007bd700000)
  to   space 41984K, 0% used [0x00000007bd700000,0x00000007bd700000,0x00000007c0000000)
 ParOldGen       total 133632K, used 110275K [0x0000000760000000, 0x0000000768280000, 0x00000007a0000000)
  object space 133632K, 82% used [0x0000000760000000,0x0000000766bb0c50,0x0000000768280000)
 Metaspace       used 109952K, capacity 114724K, committed 114816K, reserved 1148928K
  class space    used 14074K, capacity 14952K, committed 14976K, reserved 1048576K
}
Event: 2407.463 GC heap before
{Heap before GC invocations=42 (full 4):
 PSYoungGen      total 482304K, used 482279K [0x00000007a0000000, 0x00000007c0000000, 0x00000007c0000000)
  eden space 442880K, 100% used [0x00000007a0000000,0x00000007bb080000,0x00000007bb080000)
  from space 39424K, 99% used [0x00000007bb080000,0x00000007bd6f9ca8,0x00000007bd700000)
  to   space 41984K, 0% used [0x00000007bd700000,0x00000007bd700000,0x00000007c0000000)
 ParOldGen       total 133632K, used 110275K [0x0000000760000000, 0x0000000768280000, 0x00000007a0000000)
  object space 133632K, 82% used [0x0000000760000000,0x0000000766bb0c50,0x0000000768280000)
 Metaspace       used 112289K, capacity 117652K, committed 117888K, reserved 1150976K
  class space    used 14399K, capacity 15384K, committed 15488K, reserved 1048576K
Event: 2407.871 GC heap after
Heap after GC invocations=42 (full 4):
 PSYoungGen      total 473088K, used 21171K [0x00000007a0000000, 0x00000007c0000000, 0x00000007c0000000)
  eden space 431104K, 0% used [0x00000007a0000000,0x00000007a0000000,0x00000007ba500000)
  from space 41984K, 50% used [0x00000007bd700000,0x00000007bebaced8,0x00000007c0000000)
  to   space 46592K, 0% used [0x00000007ba500000,0x00000007ba500000,0x00000007bd280000)
 ParOldGen       total 133632K, used 126365K [0x0000000760000000, 0x0000000768280000, 0x00000007a0000000)
  object space 133632K, 94% used [0x0000000760000000,0x0000000767b67748,0x0000000768280000)
 Metaspace       used 112289K, capacity 117652K, committed 117888K, reserved 1150976K
  class space    used 14399K, capacity 15384K, committed 15488K, reserved 1048576K
}
Event: 2407.872 GC heap before
{Heap before GC invocations=43 (full 5):
 PSYoungGen      total 473088K, used 21171K [0x00000007a0000000, 0x00000007c0000000, 0x00000007c0000000)
  eden space 431104K, 0% used [0x00000007a0000000,0x00000007a0000000,0x00000007ba500000)
  from space 41984K, 50% used [0x00000007bd700000,0x00000007bebaced8,0x00000007c0000000)
  to   space 46592K, 0% used [0x00000007ba500000,0x00000007ba500000,0x00000007bd280000)
 ParOldGen       total 133632K, used 126365K [0x0000000760000000, 0x0000000768280000, 0x00000007a0000000)
  object space 133632K, 94% used [0x0000000760000000,0x0000000767b67748,0x0000000768280000)
 Metaspace       used 112289K, capacity 117652K, committed 117888K, reserved 1150976K
  class space    used 14399K, capacity 15384K, committed 15488K, reserved 1048576K

Deoptimization events (10 events):
Event: 2407.066 Thread 0x00007fb307deb000 Uncommon trap: reason=class_check action=maybe_recompile pc=0x000000010c04913c method=com.google.common.collect.SortedIterables.hasSameComparator(Ljava/util/Comparator;Ljava/lang/Iterable;)Z @ 11
Event: 2407.070 Thread 0x00007fb307deb000 Uncommon trap: reason=class_check action=maybe_recompile pc=0x000000010c04913c method=com.google.common.collect.SortedIterables.hasSameComparator(Ljava/util/Comparator;Ljava/lang/Iterable;)Z @ 11
Event: 2407.117 Thread 0x00007fb307deb000 Uncommon trap: reason=array_check action=maybe_recompile pc=0x000000010bfdb81c method=java.util.TimSort.mergeHi(IIII)V @ 101
Event: 2407.153 Thread 0x00007fb307deb000 Uncommon trap: reason=array_check action=maybe_recompile pc=0x000000010d1b4074 method=java.util.TimSort.mergeLo(IIII)V @ 81
Event: 2407.237 Thread 0x00007fb307deb000 Uncommon trap: reason=class_check action=maybe_recompile pc=0x000000010c528898 method=java.util.Spliterators$ArraySpliterator.tryAdvance(Ljava/util/function/Consumer;)Z @ 49
Event: 2407.259 Thread 0x00007fb307deb000 Uncommon trap: reason=array_check action=maybe_recompile pc=0x000000010d1b4074 method=java.util.TimSort.mergeLo(IIII)V @ 81
Event: 2407.290 Thread 0x00007fb307deb000 Uncommon trap: reason=array_check action=maybe_recompile pc=0x000000010d1b4074 method=java.util.TimSort.mergeLo(IIII)V @ 81
Event: 2407.293 Thread 0x00007fb307deb000 Uncommon trap: reason=array_check action=maybe_recompile pc=0x000000010bfdb81c method=java.util.TimSort.mergeHi(IIII)V @ 101
Event: 2407.293 Thread 0x00007fb307deb000 Uncommon trap: reason=array_check action=maybe_recompile pc=0x000000010bfdb81c method=java.util.TimSort.mergeHi(IIII)V @ 101
Event: 2407.293 Thread 0x00007fb307deb000 Uncommon trap: reason=array_check action=maybe_recompile pc=0x000000010d1b4074 method=java.util.TimSort.mergeLo(IIII)V @ 81

Classes redefined (0 events):
No events

Internal exceptions (10 events):
Event: 2399.444 Thread 0x00007fb30bedd800 Exception <a 'sun/nio/fs/UnixException'> (0x00000007ac297590) thrown at [/Volumes/Android/buildbot/src/googleplex-android/openjdk/out/hotspot/src/share/vm/prims/jni.cpp, line 710]
Event: 2399.985 Thread 0x00007fb307910800 Exception <a 'java/lang/InterruptedException'> (0x00000007ad023b80) thrown at [/Volumes/Android/buildbot/src/googleplex-android/openjdk/out/hotspot/src/share/vm/runtime/objectMonitor.cpp, line 1680]
Event: 2403.624 Thread 0x00007fb30a583000 Implicit null exception at 0x000000010c780997 to 0x000000010c782031
Event: 2403.639 Thread 0x00007fb30a583000 Exception <a 'sun/nio/fs/UnixException'> (0x00000007ae26f390) thrown at [/Volumes/Android/buildbot/src/googleplex-android/openjdk/out/hotspot/src/share/vm/prims/jni.cpp, line 710]
Event: 2403.642 Thread 0x00007fb30a583000 Exception <a 'sun/nio/fs/UnixException'> (0x00000007ae2b9418) thrown at [/Volumes/Android/buildbot/src/googleplex-android/openjdk/out/hotspot/src/share/vm/prims/jni.cpp, line 710]
Event: 2405.641 Thread 0x00007fb311428800 Implicit null exception at 0x000000010957151e to 0x0000000109571593
Event: 2406.366 Thread 0x00007fb311428800 Exception <a 'sun/nio/fs/UnixException'> (0x00000007b8e851a0) thrown at [/Volumes/Android/buildbot/src/googleplex-android/openjdk/out/hotspot/src/share/vm/prims/jni.cpp, line 710]
Event: 2406.522 Thread 0x00007fb30d948000 Exception <a 'sun/nio/fs/UnixException'> (0x00000007b8fc84a8) thrown at [/Volumes/Android/buildbot/src/googleplex-android/openjdk/out/hotspot/src/share/vm/prims/jni.cpp, line 710]
Event: 2407.043 Thread 0x00007fb307deb000 Implicit null exception at 0x000000010b226d74 to 0x000000010b22b525
Event: 2407.059 Thread 0x00007fb307deb000 Implicit null exception at 0x000000010b2c32f5 to 0x000000010b2c8fb9

Events (10 events):
Event: 2407.417 Executing VM operation: RevokeBias done
Event: 2407.418 Executing VM operation: RevokeBias
Event: 2407.418 Executing VM operation: RevokeBias done
Event: 2407.418 Executing VM operation: RevokeBias
Event: 2407.418 Executing VM operation: RevokeBias done
Event: 2407.418 Thread 0x00007fb30bd6a800 Thread exited: 0x00007fb30bd6a800
Event: 2407.418 Executing VM operation: RevokeBias
Event: 2407.419 Executing VM operation: RevokeBias done
Event: 2407.419 Thread 0x00007fb30bd66000 Thread exited: 0x00007fb30bd66000
Event: 2407.460 Executing VM operation: ParallelGCFailedAllocation


Dynamic libraries:
0x00007fff2d28c000 	/System/Library/Frameworks/Cocoa.framework/Versions/A/Cocoa
0x00007fff3aa9f000 	/System/Library/Frameworks/Security.framework/Versions/A/Security
0x00007fff2c1f6000 	/System/Library/Frameworks/ApplicationServices.framework/Versions/A/ApplicationServices
0x00007fff676d7000 	/usr/lib/libz.1.dylib
0x00007fff6510d000 	/usr/lib/libSystem.B.dylib
0x00007fff2e138000 	/System/Library/Frameworks/CoreFoundation.framework/Versions/A/CoreFoundation
0x00007fff30811000 	/System/Library/Frameworks/Foundation.framework/Versions/C/Foundation
0x00007fff67004000 	/usr/lib/libobjc.A.dylib
0x00007fff2b3e7000 	/System/Library/Frameworks/AppKit.framework/Versions/C/AppKit
0x00007fff2dc10000 	/System/Library/Frameworks/CoreData.framework/Versions/A/CoreData
0x00007fff5f12e000 	/System/Library/PrivateFrameworks/UIFoundation.framework/Versions/A/UIFoundation
0x00007fff5a1dc000 	/System/Library/PrivateFrameworks/RemoteViewServices.framework/Versions/A/RemoteViewServices
0x00007fff61c82000 	/System/Library/PrivateFrameworks/XCTTargetBootstrap.framework/Versions/A/XCTTargetBootstrap
0x00007fff2e00c000 	/System/Library/Frameworks/CoreDisplay.framework/Versions/A/CoreDisplay
0x00007fff336cc000 	/System/Library/Frameworks/Metal.framework/Versions/A/Metal
0x00007fff48235000 	/System/Library/PrivateFrameworks/DesktopServicesPriv.framework/Versions/A/DesktopServicesPriv
0x00007fff662e1000 	/usr/lib/liblangid.dylib
0x00007fff474ce000 	/System/Library/PrivateFrameworks/CoreSVG.framework/Versions/A/CoreSVG
0x00007fff5d332000 	/System/Library/PrivateFrameworks/SkyLight.framework/Versions/A/SkyLight
0x00007fff2e5ba000 	/System/Library/Frameworks/CoreGraphics.framework/Versions/A/CoreGraphics
0x00007fff29d56000 	/System/Library/Frameworks/Accelerate.framework/Versions/A/Accelerate
0x00007fff675c8000 	/usr/lib/libxml2.2.dylib
0x00007fff5318e000 	/System/Library/PrivateFrameworks/IconServices.framework/Versions/A/IconServices
0x00007fff30ff0000 	/System/Library/Frameworks/IOSurface.framework/Versions/A/IOSurface
0x00007fff64c37000 	/usr/lib/libDiagnosticMessagesClient.dylib
0x00007fff4808f000 	/System/Library/PrivateFrameworks/DFRFoundation.framework/Versions/A/DFRFoundation
0x00007fff66070000 	/usr/lib/libicucore.A.dylib
0x00007fff2c528000 	/System/Library/Frameworks/AudioToolbox.framework/Versions/A/AudioToolbox
0x00007fff2c60b000 	/System/Library/Frameworks/AudioUnit.framework/Versions/A/AudioUnit
0x00007fff653a5000 	/usr/lib/libauto.dylib
0x00007fff48131000 	/System/Library/PrivateFrameworks/DataDetectorsCore.framework/Versions/A/DataDetectorsCore
0x00007fff2cdad000 	/System/Library/Frameworks/Carbon.framework/Versions/A/Frameworks/HIToolbox.framework/Versions/A/HIToolbox
0x00007fff39c9c000 	/System/Library/Frameworks/QuartzCore.framework/Versions/A/QuartzCore
0x00007fff2d0ec000 	/System/Library/Frameworks/Carbon.framework/Versions/A/Frameworks/SpeechRecognition.framework/Versions/A/SpeechRecognition
0x00007fff47ba6000 	/System/Library/PrivateFrameworks/CoreUI.framework/Versions/A/CoreUI
0x00007fff2d67b000 	/System/Library/Frameworks/CoreAudio.framework/Versions/A/CoreAudio
0x00007fff304d6000 	/System/Library/Frameworks/DiskArbitration.framework/Versions/A/DiskArbitration
0x00007fff551db000 	/System/Library/PrivateFrameworks/MultitouchSupport.framework/Versions/A/MultitouchSupport
0x00007fff65f37000 	/usr/lib/libenergytrace.dylib
0x00007fff30f4a000 	/System/Library/Frameworks/IOKit.framework/Versions/A/IOKit
0x00007fff2f543000 	/System/Library/Frameworks/CoreServices.framework/Versions/A/CoreServices
0x00007fff57372000 	/System/Library/PrivateFrameworks/PerformanceAnalysis.framework/Versions/A/PerformanceAnalysis
0x00007fff38ccf000 	/System/Library/Frameworks/OpenGL.framework/Versions/A/OpenGL
0x00007fff2d29a000 	/System/Library/Frameworks/ColorSync.framework/Versions/A/ColorSync
0x00007fff2ec5e000 	/System/Library/Frameworks/CoreImage.framework/Versions/A/CoreImage
0x00007fff2ffb5000 	/System/Library/Frameworks/CoreText.framework/Versions/A/CoreText
0x00007fff31080000 	/System/Library/Frameworks/ImageIO.framework/Versions/A/ImageIO
0x00007fff65489000 	/usr/lib/libc++.1.dylib
0x00007fff65505000 	/usr/lib/libcompression.dylib
0x00007fff64f7b000 	/usr/lib/libMobileGestalt.dylib
0x00007fff5eea7000 	/System/Library/PrivateFrameworks/TextureIO.framework/Versions/A/TextureIO
0x00007fff65272000 	/usr/lib/libate.dylib
0x00007fff53397000 	/System/Library/PrivateFrameworks/InternationalSupport.framework/Versions/A/InternationalSupport
0x00007fff67f97000 	/usr/lib/system/libcache.dylib
0x00007fff67f9d000 	/usr/lib/system/libcommonCrypto.dylib
0x00007fff67fa9000 	/usr/lib/system/libcompiler_rt.dylib
0x00007fff67fb1000 	/usr/lib/system/libcopyfile.dylib
0x00007fff67fbb000 	/usr/lib/system/libcorecrypto.dylib
0x00007fff6815a000 	/usr/lib/system/libdispatch.dylib
0x00007fff6819b000 	/usr/lib/system/libdyld.dylib
0x00007fff681d2000 	/usr/lib/system/libkeymgr.dylib
0x00007fff681e0000 	/usr/lib/system/liblaunch.dylib
0x00007fff681e1000 	/usr/lib/system/libmacho.dylib
0x00007fff681e7000 	/usr/lib/system/libquarantine.dylib
0x00007fff681ea000 	/usr/lib/system/libremovefile.dylib
0x00007fff681ec000 	/usr/lib/system/libsystem_asl.dylib
0x00007fff68204000 	/usr/lib/system/libsystem_blocks.dylib
0x00007fff68205000 	/usr/lib/system/libsystem_c.dylib
0x00007fff6828d000 	/usr/lib/system/libsystem_configuration.dylib
0x00007fff68291000 	/usr/lib/system/libsystem_coreservices.dylib
0x00007fff68295000 	/usr/lib/system/libsystem_darwin.dylib
0x00007fff6829e000 	/usr/lib/system/libsystem_dnssd.dylib
0x00007fff682a6000 	/usr/lib/system/libsystem_featureflags.dylib
0x00007fff682a8000 	/usr/lib/system/libsystem_info.dylib
0x00007fff68323000 	/usr/lib/system/libsystem_m.dylib
0x00007fff6836f000 	/usr/lib/system/libsystem_malloc.dylib
0x00007fff68397000 	/usr/lib/system/libsystem_networkextension.dylib
0x00007fff683a5000 	/usr/lib/system/libsystem_notify.dylib
0x00007fff683c3000 	/usr/lib/system/libsystem_sandbox.dylib
0x00007fff683c8000 	/usr/lib/system/libsystem_secinit.dylib
0x00007fff682f6000 	/usr/lib/system/libsystem_kernel.dylib
0x00007fff683af000 	/usr/lib/system/libsystem_platform.dylib
0x00007fff683b8000 	/usr/lib/system/libsystem_pthread.dylib
0x00007fff683cb000 	/usr/lib/system/libsystem_symptoms.dylib
0x00007fff683d3000 	/usr/lib/system/libsystem_trace.dylib
0x00007fff683eb000 	/usr/lib/system/libunwind.dylib
0x00007fff683f1000 	/usr/lib/system/libxpc.dylib
0x00007fff654dc000 	/usr/lib/libc++abi.dylib
0x00007fff662e3000 	/usr/lib/liblzma.5.dylib
0x00007fff65f5e000 	/usr/lib/libfakelink.dylib
0x00007fff651ff000 	/usr/lib/libarchive.2.dylib
0x00007fff3bb4f000 	/System/Library/Frameworks/SystemConfiguration.framework/Versions/A/SystemConfiguration
0x00007fff64b6a000 	/usr/lib/libCRFSuite.dylib
0x00007fff2c99e000 	/System/Library/Frameworks/CFNetwork.framework/Versions/A/CFNetwork
0x00007fff6546b000 	/usr/lib/libbsm.0.dylib
0x00007fff681d3000 	/usr/lib/system/libkxld.dylib
0x00007fff41a64000 	/System/Library/PrivateFrameworks/AppleFSCompression.framework/Versions/A/AppleFSCompression
0x00007fff657f7000 	/usr/lib/libcoretls.dylib
0x00007fff6580e000 	/usr/lib/libcoretls_cfhelpers.dylib
0x00007fff67049000 	/usr/lib/libpam.2.dylib
0x00007fff6717e000 	/usr/lib/libsqlite3.dylib
0x00007fff675b5000 	/usr/lib/libxar.1.dylib
0x00007fff6547c000 	/usr/lib/libbz2.1.0.dylib
0x00007fff65f7f000 	/usr/lib/libiconv.2.dylib
0x00007fff654f2000 	/usr/lib/libcharset.1.dylib
0x00007fff66ae9000 	/usr/lib/libnetwork.dylib
0x00007fff67050000 	/usr/lib/libpcap.A.dylib
0x00007fff651b4000 	/usr/lib/libapple_nghttp2.dylib
0x00007fff2f8fa000 	/System/Library/Frameworks/CoreServices.framework/Versions/A/Frameworks/FSEvents.framework/Versions/A/FSEvents
0x00007fff2f5ca000 	/System/Library/Frameworks/CoreServices.framework/Versions/A/Frameworks/CarbonCore.framework/Versions/A/CarbonCore
0x00007fff2fb3d000 	/System/Library/Frameworks/CoreServices.framework/Versions/A/Frameworks/Metadata.framework/Versions/A/Metadata
0x00007fff2fbd6000 	/System/Library/Frameworks/CoreServices.framework/Versions/A/Frameworks/OSServices.framework/Versions/A/OSServices
0x00007fff2fc04000 	/System/Library/Frameworks/CoreServices.framework/Versions/A/Frameworks/SearchKit.framework/Versions/A/SearchKit
0x00007fff2f544000 	/System/Library/Frameworks/CoreServices.framework/Versions/A/Frameworks/AE.framework/Versions/A/AE
0x00007fff2f903000 	/System/Library/Frameworks/CoreServices.framework/Versions/A/Frameworks/LaunchServices.framework/Versions/A/LaunchServices
0x00007fff2f8ac000 	/System/Library/Frameworks/CoreServices.framework/Versions/A/Frameworks/DictionaryServices.framework/Versions/A/DictionaryServices
0x00007fff2fc6c000 	/System/Library/Frameworks/CoreServices.framework/Versions/A/Frameworks/SharedFileList.framework/Versions/A/SharedFileList
0x00007fff34aef000 	/System/Library/Frameworks/NetFS.framework/Versions/A/NetFS
0x00007fff5570a000 	/System/Library/PrivateFrameworks/NetAuth.framework/Versions/A/NetAuth
0x00007fff6204f000 	/System/Library/PrivateFrameworks/login.framework/Versions/A/Frameworks/loginsupport.framework/Versions/A/loginsupport
0x00007fff5e974000 	/System/Library/PrivateFrameworks/TCC.framework/Versions/A/TCC
0x00007fff46641000 	/System/Library/PrivateFrameworks/CoreNLP.framework/Versions/A/CoreNLP
0x00007fff54c09000 	/System/Library/PrivateFrameworks/MetadataUtilities.framework/Versions/A/MetadataUtilities
0x00007fff663bb000 	/usr/lib/libmecabra.dylib
0x00007fff66313000 	/usr/lib/libmecab.dylib
0x00007fff65f6f000 	/usr/lib/libgermantok.dylib
0x00007fff6519b000 	/usr/lib/libThaiTokenizer.dylib
0x00007fff64ba1000 	/usr/lib/libChineseTokenizer.dylib
0x00007fff29d6f000 	/System/Library/Frameworks/Accelerate.framework/Versions/A/Frameworks/vImage.framework/Versions/A/vImage
0x00007fff2b23d000 	/System/Library/Frameworks/Accelerate.framework/Versions/A/Frameworks/vecLib.framework/Versions/A/vecLib
0x00007fff2b0be000 	/System/Library/Frameworks/Accelerate.framework/Versions/A/Frameworks/vecLib.framework/Versions/A/libvMisc.dylib
0x00007fff2af2b000 	/System/Library/Frameworks/Accelerate.framework/Versions/A/Frameworks/vecLib.framework/Versions/A/libvDSP.dylib
0x00007fff2a60b000 	/System/Library/Frameworks/Accelerate.framework/Versions/A/Frameworks/vecLib.framework/Versions/A/libBLAS.dylib
0x00007fff2aae3000 	/System/Library/Frameworks/Accelerate.framework/Versions/A/Frameworks/vecLib.framework/Versions/A/libLAPACK.dylib
0x00007fff2ae8b000 	/System/Library/Frameworks/Accelerate.framework/Versions/A/Frameworks/vecLib.framework/Versions/A/libLinearAlgebra.dylib
0x00007fff2af18000 	/System/Library/Frameworks/Accelerate.framework/Versions/A/Frameworks/vecLib.framework/Versions/A/libSparseBLAS.dylib
0x00007fff2aea1000 	/System/Library/Frameworks/Accelerate.framework/Versions/A/Frameworks/vecLib.framework/Versions/A/libQuadrature.dylib
0x00007fff2a7a1000 	/System/Library/Frameworks/Accelerate.framework/Versions/A/Frameworks/vecLib.framework/Versions/A/libBNNS.dylib
0x00007fff2aea7000 	/System/Library/Frameworks/Accelerate.framework/Versions/A/Frameworks/vecLib.framework/Versions/A/libSparse.dylib
0x00007fff5377f000 	/System/Library/PrivateFrameworks/LanguageModeling.framework/Versions/A/LanguageModeling
0x00007fff45ff1000 	/System/Library/PrivateFrameworks/CoreEmoji.framework/Versions/A/CoreEmoji
0x00007fff5389d000 	/System/Library/PrivateFrameworks/LinguisticData.framework/Versions/A/LinguisticData
0x00007fff5384e000 	/System/Library/PrivateFrameworks/Lexicon.framework/Versions/A/Lexicon
0x00007fff654f3000 	/usr/lib/libcmph.dylib
0x00007fff376dd000 	/System/Library/Frameworks/OpenDirectory.framework/Versions/A/Frameworks/CFOpenDirectory.framework/Versions/A/CFOpenDirectory
0x00007fff376fa000 	/System/Library/Frameworks/OpenDirectory.framework/Versions/A/OpenDirectory
0x00007fff3fb1a000 	/System/Library/PrivateFrameworks/APFS.framework/Versions/A/APFS
0x00007fff3ade9000 	/System/Library/Frameworks/SecurityFoundation.framework/Versions/A/SecurityFoundation
0x00007fff675b1000 	/usr/lib/libutil.dylib
0x00007fff47526000 	/System/Library/PrivateFrameworks/CoreServicesStore.framework/Versions/A/CoreServicesStore
0x00007fff3aea0000 	/System/Library/Frameworks/ServiceManagement.framework/Versions/A/ServiceManagement
0x00007fff43232000 	/System/Library/PrivateFrameworks/BackgroundTaskManagement.framework/Versions/A/BackgroundTaskManagement
0x00007fff676ae000 	/usr/lib/libxslt.1.dylib
0x00007fff420d6000 	/System/Library/PrivateFrameworks/AppleSystemInfo.framework/Versions/A/AppleSystemInfo
0x00007fff3129d000 	/System/Library/Frameworks/ImageIO.framework/Versions/A/Resources/libJPEG.dylib
0x00007fff3155a000 	/System/Library/Frameworks/ImageIO.framework/Versions/A/Resources/libTIFF.dylib
0x00007fff3153d000 	/System/Library/Frameworks/ImageIO.framework/Versions/A/Resources/libPng.dylib
0x00007fff311df000 	/System/Library/Frameworks/ImageIO.framework/Versions/A/Resources/libGIF.dylib
0x00007fff311e3000 	/System/Library/Frameworks/ImageIO.framework/Versions/A/Resources/libJP2.dylib
0x00007fff31558000 	/System/Library/Frameworks/ImageIO.framework/Versions/A/Resources/libRadiance.dylib
0x00007fff65f38000 	/usr/lib/libexpat.1.dylib
0x00007fff41bbf000 	/System/Library/PrivateFrameworks/AppleJPEG.framework/Versions/A/AppleJPEG
0x00007fff4a801000 	/System/Library/PrivateFrameworks/FontServices.framework/libFontParser.dylib
0x00007fff61055000 	/System/Library/PrivateFrameworks/WatchdogClient.framework/Versions/A/WatchdogClient
0x00007fff52ddb000 	/System/Library/PrivateFrameworks/IOAccelerator.framework/Versions/A/IOAccelerator
0x00007fff33a67000 	/System/Library/Frameworks/MetalPerformanceShaders.framework/Versions/A/MetalPerformanceShaders
0x00007fff4f574000 	/System/Library/PrivateFrameworks/GPUWrangler.framework/Versions/A/GPUWrangler
0x00007fff52df0000 	/System/Library/PrivateFrameworks/IOPresentment.framework/Versions/A/IOPresentment
0x00007fff480a2000 	/System/Library/PrivateFrameworks/DSExternalDisplay.framework/Versions/A/DSExternalDisplay
0x00007fff3806e000 	/System/Library/Frameworks/OpenGL.framework/Versions/A/Libraries/libCoreFSCache.dylib
0x00007fff337b3000 	/System/Library/Frameworks/MetalPerformanceShaders.framework/Frameworks/MPSCore.framework/Versions/A/MPSCore
0x00007fff337f1000 	/System/Library/Frameworks/MetalPerformanceShaders.framework/Frameworks/MPSImage.framework/Versions/A/MPSImage
0x00007fff338b8000 	/System/Library/Frameworks/MetalPerformanceShaders.framework/Frameworks/MPSNeuralNetwork.framework/Versions/A/MPSNeuralNetwork
0x00007fff3387c000 	/System/Library/Frameworks/MetalPerformanceShaders.framework/Frameworks/MPSMatrix.framework/Versions/A/MPSMatrix
0x00007fff33a17000 	/System/Library/Frameworks/MetalPerformanceShaders.framework/Frameworks/MPSRayIntersector.framework/Versions/A/MPSRayIntersector
0x00007fff338a2000 	/System/Library/Frameworks/MetalPerformanceShaders.framework/Frameworks/MPSNDArray.framework/Versions/A/MPSNDArray
0x00007fff54c56000 	/System/Library/PrivateFrameworks/MetalTools.framework/Versions/A/MetalTools
0x00007fff40cec000 	/System/Library/PrivateFrameworks/AggregateDictionary.framework/Versions/A/AggregateDictionary
0x00007fff45a4b000 	/System/Library/PrivateFrameworks/CoreAnalytics.framework/Versions/A/CoreAnalytics
0x00007fff41ff5000 	/System/Library/PrivateFrameworks/AppleSauce.framework/Versions/A/AppleSauce
0x00007fff64e5d000 	/usr/lib/libIOReport.dylib
0x00007fff3016d000 	/System/Library/Frameworks/CoreVideo.framework/Versions/A/CoreVideo
0x00007fff509ee000 	/System/Library/PrivateFrameworks/GraphVisualizer.framework/Versions/A/GraphVisualizer
0x00007fff49d55000 	/System/Library/PrivateFrameworks/FaceCore.framework/Versions/A/FaceCore
0x00007fff37684000 	/System/Library/Frameworks/OpenCL.framework/Versions/A/OpenCL
0x00007fff64c7f000 	/usr/lib/libFosl_dynamic.dylib
0x00007fff5611f000 	/System/Library/PrivateFrameworks/OTSVG.framework/Versions/A/OTSVG
0x00007fff2c2fb000 	/System/Library/Frameworks/ApplicationServices.framework/Versions/A/Frameworks/ATS.framework/Versions/A/Resources/libFontRegistry.dylib
0x00007fff4a9d2000 	/System/Library/PrivateFrameworks/FontServices.framework/libhvf.dylib
0x00007fff38079000 	/System/Library/Frameworks/OpenGL.framework/Versions/A/Libraries/libGFXShared.dylib
0x00007fff38257000 	/System/Library/Frameworks/OpenGL.framework/Versions/A/Libraries/libGLU.dylib
0x00007fff38082000 	/System/Library/Frameworks/OpenGL.framework/Versions/A/Libraries/libGL.dylib
0x00007fff3808d000 	/System/Library/Frameworks/OpenGL.framework/Versions/A/Libraries/libGLImage.dylib
0x00007fff3806b000 	/System/Library/Frameworks/OpenGL.framework/Versions/A/Libraries/libCVMSPluginSupport.dylib
0x00007fff38074000 	/System/Library/Frameworks/OpenGL.framework/Versions/A/Libraries/libCoreVMClient.dylib
0x00007fff6698a000 	/usr/lib/libncurses.5.4.dylib
0x00007fff2c1f7000 	/System/Library/Frameworks/ApplicationServices.framework/Versions/A/Frameworks/ATS.framework/Versions/A/ATS
0x00007fff2c3c4000 	/System/Library/Frameworks/ApplicationServices.framework/Versions/A/Frameworks/ColorSyncLegacy.framework/Versions/A/ColorSyncLegacy
0x00007fff2c462000 	/System/Library/Frameworks/ApplicationServices.framework/Versions/A/Frameworks/HIServices.framework/Versions/A/HIServices
0x00007fff2c4ba000 	/System/Library/Frameworks/ApplicationServices.framework/Versions/A/Frameworks/LangAnalysis.framework/Versions/A/LangAnalysis
0x00007fff2c4c9000 	/System/Library/Frameworks/ApplicationServices.framework/Versions/A/Frameworks/PrintCore.framework/Versions/A/PrintCore
0x00007fff2c50f000 	/System/Library/Frameworks/ApplicationServices.framework/Versions/A/Frameworks/QD.framework/Versions/A/QD
0x00007fff2c51a000 	/System/Library/Frameworks/ApplicationServices.framework/Versions/A/Frameworks/SpeechSynthesis.framework/Versions/A/SpeechSynthesis
0x00007fff2c394000 	/System/Library/Frameworks/ApplicationServices.framework/Versions/A/Frameworks/ATSUI.framework/Versions/A/ATSUI
0x00007fff65dcc000 	/usr/lib/libcups.2.dylib
0x00007fff32b04000 	/System/Library/Frameworks/Kerberos.framework/Versions/A/Kerberos
0x00007fff30c43000 	/System/Library/Frameworks/GSS.framework/Versions/A/GSS
0x00007fff6710a000 	/usr/lib/libresolv.9.dylib
0x00007fff50b9c000 	/System/Library/PrivateFrameworks/Heimdal.framework/Versions/A/Heimdal
0x00007fff32b17000 	/System/Library/Frameworks/Kerberos.framework/Versions/A/Libraries/libHeimdalProxy.dylib
0x00007fff65f75000 	/usr/lib/libheimdal-asn1.dylib
0x00007fff44ee4000 	/System/Library/PrivateFrameworks/CommonAuth.framework/Versions/A/CommonAuth
0x00007fff42173000 	/System/Library/PrivateFrameworks/AssertionServices.framework/Versions/A/AssertionServices
0x00007fff42d15000 	/System/Library/PrivateFrameworks/AudioToolboxCore.framework/Versions/A/AudioToolboxCore
0x00007fff61cff000 	/System/Library/PrivateFrameworks/caulk.framework/Versions/A/caulk
0x00007fff432de000 	/System/Library/PrivateFrameworks/BaseBoard.framework/Versions/A/BaseBoard
0x00007fff5a36a000 	/System/Library/PrivateFrameworks/RunningBoardServices.framework/Versions/A/RunningBoardServices
0x00007fff5737e000 	/System/Library/PrivateFrameworks/PersistentConnection.framework/Versions/A/PersistentConnection
0x00007fff59d64000 	/System/Library/PrivateFrameworks/ProtocolBuffer.framework/Versions/A/ProtocolBuffer
0x00007fff44f08000 	/System/Library/PrivateFrameworks/CommonUtilities.framework/Versions/A/CommonUtilities
0x00007fff4346c000 	/System/Library/PrivateFrameworks/Bom.framework/Versions/A/Bom
0x00007fff64b30000 	/usr/lib/libAudioToolboxUtility.dylib
0x00007fff4323c000 	/System/Library/PrivateFrameworks/Backup.framework/Versions/A/Backup
0x00007fff47fc3000 	/System/Library/PrivateFrameworks/CrashReporterSupport.framework/Versions/A/CrashReporterSupport
0x00007fff5bdf8000 	/System/Library/PrivateFrameworks/Sharing.framework/Versions/A/Sharing
0x00007fff41782000 	/System/Library/PrivateFrameworks/Apple80211.framework/Versions/A/Apple80211
0x00007fff42f59000 	/System/Library/PrivateFrameworks/AuthKit.framework/Versions/A/AuthKit
0x00007fff47cd3000 	/System/Library/PrivateFrameworks/CoreUtils.framework/Versions/A/CoreUtils
0x00007fff301b2000 	/System/Library/Frameworks/CoreWLAN.framework/Versions/A/CoreWLAN
0x00007fff30dd0000 	/System/Library/Frameworks/IOBluetooth.framework/Versions/A/IOBluetooth
0x00007fff54f5a000 	/System/Library/PrivateFrameworks/MobileKeyBag.framework/Versions/A/MobileKeyBag
0x00007fff46ad9000 	/System/Library/PrivateFrameworks/CorePhoneNumbers.framework/Versions/A/CorePhoneNumbers
0x00007fff41b72000 	/System/Library/PrivateFrameworks/AppleIDAuthSupport.framework/Versions/A/AppleIDAuthSupport
0x00007fff34afc000 	/System/Library/Frameworks/Network.framework/Versions/A/Network
0x00007fff5362b000 	/System/Library/PrivateFrameworks/KeychainCircle.framework/Versions/A/KeychainCircle
0x00007fff2dbd7000 	/System/Library/Frameworks/CoreBluetooth.framework/Versions/A/CoreBluetooth
0x00007fff5de75000 	/System/Library/PrivateFrameworks/SpeechRecognitionCore.framework/Versions/A/SpeechRecognitionCore
0x0000000106c00000 	/Applications/Android Studio.app/Contents/jre/jdk/Contents/Home/jre/lib/server/libjvm.dylib
0x00007fff67484000 	/usr/lib/libstdc++.6.dylib
0x00000001063ac000 	/Applications/Android Studio.app/Contents/jre/jdk/Contents/Home/jre/lib/libverify.dylib
0x0000000107aaf000 	/Applications/Android Studio.app/Contents/jre/jdk/Contents/Home/jre/lib/libjava.dylib
0x0000000107b01000 	/Applications/Android Studio.app/Contents/jre/jdk/Contents/Home/jre/lib/libzip.dylib
0x000000011dedb000 	/Applications/Android Studio.app/Contents/jre/jdk/Contents/Home/jre/lib/libnet.dylib
0x000000011de95000 	/Applications/Android Studio.app/Contents/jre/jdk/Contents/Home/jre/lib/libnio.dylib
0x000000011de16000 	/Users/alcodev/.gradle/native/30/osx-amd64/libnative-platform.dylib
0x000000011e8ef000 	/Applications/Android Studio.app/Contents/jre/jdk/Contents/Home/jre/lib/libmanagement.dylib
0x000000011f7b3000 	/Applications/Android Studio.app/Contents/jre/jdk/Contents/Home/jre/lib/libsunec.dylib
0x00007fff67556000 	/usr/lib/libusrtcp.dylib
0x00000001226c0000 	/Applications/Android Studio.app/Contents/jre/jdk/Contents/Home/jre/lib/libawt.dylib
0x00000001230a3000 	/Applications/Android Studio.app/Contents/jre/jdk/Contents/Home/jre/lib/libmlib_image.dylib
0x00007fff32aed000 	/System/Library/Frameworks/JavaVM.framework/Versions/A/Frameworks/JavaNativeFoundation.framework/Versions/A/JavaNativeFoundation
0x00007fff32af6000 	/System/Library/Frameworks/JavaVM.framework/Versions/A/Frameworks/JavaRuntimeSupport.framework/Versions/A/JavaRuntimeSupport
0x00007fff32aff000 	/System/Library/Frameworks/JavaVM.framework/Versions/A/JavaVM
0x00007fff53442000 	/System/Library/PrivateFrameworks/JavaLaunching.framework/Versions/A/JavaLaunching
0x00007fff2cda8000 	/System/Library/Frameworks/Carbon.framework/Versions/A/Carbon
0x00007fff47a78000 	/System/Library/PrivateFrameworks/CoreSymbolication.framework/Versions/A/CoreSymbolication
0x00007fff2cda9000 	/System/Library/Frameworks/Carbon.framework/Versions/A/Frameworks/CommonPanels.framework/Versions/A/CommonPanels
0x00007fff2d0a2000 	/System/Library/Frameworks/Carbon.framework/Versions/A/Frameworks/Help.framework/Versions/A/Help
0x00007fff2d0a6000 	/System/Library/Frameworks/Carbon.framework/Versions/A/Frameworks/ImageCapture.framework/Versions/A/ImageCapture
0x00007fff2d0ad000 	/System/Library/Frameworks/Carbon.framework/Versions/A/Frameworks/OpenScripting.framework/Versions/A/OpenScripting
0x00007fff2d0ac000 	/System/Library/Frameworks/Carbon.framework/Versions/A/Frameworks/Ink.framework/Versions/A/Ink
0x00007fff2d0e8000 	/System/Library/Frameworks/Carbon.framework/Versions/A/Frameworks/Print.framework/Versions/A/Print
0x00007fff2d0e9000 	/System/Library/Frameworks/Carbon.framework/Versions/A/Frameworks/SecurityHI.framework/Versions/A/SecurityHI
0x00007fff481f7000 	/System/Library/PrivateFrameworks/DebugSymbols.framework/Versions/A/DebugSymbols
0x00000001253ab000 	/Applications/Android Studio.app/Contents/jre/jdk/Contents/Home/jre/lib/libawt_lwawt.dylib
0x000000012110b000 	/Applications/Android Studio.app/Contents/jre/jdk/Contents/Home/jre/lib/libosxapp.dylib
0x00007fff306af000 	/System/Library/Frameworks/ExceptionHandling.framework/Versions/A/ExceptionHandling
0x000000011e739000 	/private/var/folders/s4/qk_h15sd2_b83k0ytsm9qf5h0000gq/T/native-platform1906048465490016562dir/libnative-platform.dylib

VM Arguments:
jvm_args: -Xmx1536m -Dfile.encoding=UTF-8 -Duser.country=US -Duser.language=en -Duser.variant 
java_command: org.gradle.launcher.daemon.bootstrap.GradleDaemon 5.6.4
java_class_path (initial): /Users/alcodev/.gradle/wrapper/dists/gradle-5.6.4-all/ankdp27end7byghfw1q2sw75f/gradle-5.6.4/lib/gradle-launcher-5.6.4.jar
Launcher Type: SUN_STANDARD

Environment Variables:
PATH=/usr/local/bin:/usr/bin:/bin:/usr/sbin:/sbin:/Library/TeX/texbin:/opt/X11/bin:/Library/Apple/usr/bin
SHELL=/bin/zsh
DISPLAY=/private/tmp/com.apple.launchd.YUgn2DaDtX/org.macosforge.xquartz:0

Signal Handlers:
SIGSEGV: [libjvm.dylib+0x5609d5], sa_mask[0]=11111111011111110111111111111111, sa_flags=SA_ONSTACK|SA_RESTART|SA_SIGINFO
SIGBUS: [libjvm.dylib+0x5609d5], sa_mask[0]=11111111011111110111111111111111, sa_flags=SA_RESTART|SA_SIGINFO
SIGFPE: [libjvm.dylib+0x458695], sa_mask[0]=11111111011111110111111111111111, sa_flags=SA_RESTART|SA_SIGINFO
SIGPIPE: [libjvm.dylib+0x458695], sa_mask[0]=11111111011111110111111111111111, sa_flags=SA_RESTART|SA_SIGINFO
SIGXFSZ: [libjvm.dylib+0x458695], sa_mask[0]=11111111011111110111111111111111, sa_flags=SA_RESTART|SA_SIGINFO
SIGILL: [libjvm.dylib+0x458695], sa_mask[0]=11111111011111110111111111111111, sa_flags=SA_RESTART|SA_SIGINFO
SIGUSR1: SIG_DFL, sa_mask[0]=00000000000000000000000000000000, sa_flags=none
SIGUSR2: [libjvm.dylib+0x458f94], sa_mask[0]=00100000000000000000000000000000, sa_flags=SA_RESTART|SA_SIGINFO
SIGHUP: [libjvm.dylib+0x4571b9], sa_mask[0]=11111111011111110111111111111111, sa_flags=SA_RESTART|SA_SIGINFO
SIGINT: [libjvm.dylib+0x4571b9], sa_mask[0]=11111111011111110111111111111111, sa_flags=SA_RESTART|SA_SIGINFO
SIGTERM: [libjvm.dylib+0x4571b9], sa_mask[0]=11111111011111110111111111111111, sa_flags=SA_RESTART|SA_SIGINFO
SIGQUIT: [libjvm.dylib+0x4571b9], sa_mask[0]=11111111011111110111111111111111, sa_flags=SA_RESTART|SA_SIGINFO


---------------  S Y S T E M  ---------------

OS:Bsduname:Darwin 19.4.0 Darwin Kernel Version 19.4.0: Wed Mar  4 22:28:40 PST 2020; root:xnu-6153.101.6~15/RELEASE_X86_64 x86_64
rlimit: STACK 8192k, CORE 0k, NPROC 1392, NOFILE 10240, AS infinity
load average:4.16 3.59 2.93

CPU:total 4 (initial active 4) (2 cores per cpu, 2 threads per core) family 6 model 58 stepping 9, cmov, cx8, fxsr, mmx, sse, sse2, sse3, ssse3, sse4.1, sse4.2, popcnt, avx, aes, clmul, erms, ht, tsc, tscinvbit, tscinv

Memory: 4k page, physical 4194304k(18960k free)

/proc/meminfo:


vm_info: OpenJDK 64-Bit Server VM (25.212-b4-5784211) for bsd-amd64 JRE (1.8.0_212-release-1586-b4-5784211), built by "android-build" with gcc 4.2.1 Compatible Android (5657785 based on r353983d) Clang 9.0.4 (https://android.googlesource.com/toolchain/llvm-project 2a90cc9d899e6fe6dcf0da193244b25f75735c7b)

time: Mon Apr 13 12:42:17 2020
timezone: CDT
elapsed time: 2408 seconds (0d 0h 40m 8s)

